e:\cse 687 - object oriented design\projects\project 3 - message passing communication\sockets\client\debug\vc120.pdb
e:\cse 687 - object oriented design\projects\project 3 - message passing communication\sockets\client\debug\vc120.idb
e:\cse 687 - object oriented design\projects\project 3 - message passing communication\sockets\client\debug\apphelpers.obj
e:\cse 687 - object oriented design\projects\project 3 - message passing communication\sockets\client\debug\display.obj
e:\cse 687 - object oriented design\projects\project 3 - message passing communication\sockets\client\debug\message.obj
e:\cse 687 - object oriented design\projects\project 3 - message passing communication\sockets\client\debug\cpp11-blockingqueue.obj
e:\cse 687 - object oriented design\projects\project 3 - message passing communication\sockets\client\debug\qserver.obj
e:\cse 687 - object oriented design\projects\project 3 - message passing communication\sockets\client\debug\receiver.obj
e:\cse 687 - object oriented design\projects\project 3 - message passing communication\sockets\client\debug\sender.obj
e:\cse 687 - object oriented design\projects\project 3 - message passing communication\sockets\client\debug\sockets.obj
e:\cse 687 - object oriented design\projects\project 3 - message passing communication\sockets\client\debug\client.obj
e:\cse 687 - object oriented design\projects\project 3 - message passing communication\sockets\debug\client.ilk
e:\cse 687 - object oriented design\projects\project 3 - message passing communication\sockets\debug\client.exe
e:\cse 687 - object oriented design\projects\project 3 - message passing communication\sockets\debug\client.pdb
e:\cse 687 - object oriented design\projects\project 3 - message passing communication\sockets\client\debug\client.tlog\cl.command.1.tlog
e:\cse 687 - object oriented design\projects\project 3 - message passing communication\sockets\client\debug\client.tlog\cl.read.1.tlog
e:\cse 687 - object oriented design\projects\project 3 - message passing communication\sockets\client\debug\client.tlog\cl.write.1.tlog
e:\cse 687 - object oriented design\projects\project 3 - message passing communication\sockets\client\debug\client.tlog\link.command.1.tlog
e:\cse 687 - object oriented design\projects\project 3 - message passing communication\sockets\client\debug\client.tlog\link.read.1.tlog
e:\cse 687 - object oriented design\projects\project 3 - message passing communication\sockets\client\debug\client.tlog\link.write.1.tlog
