e:\cse 687 - object oriented design\projects\project 3 - message passing communication\sockets\server\debug\vc120.pdb
e:\cse 687 - object oriented design\projects\project 3 - message passing communication\sockets\server\debug\vc120.idb
e:\cse 687 - object oriented design\projects\project 3 - message passing communication\sockets\server\debug\apphelpers.obj
e:\cse 687 - object oriented design\projects\project 3 - message passing communication\sockets\server\debug\display.obj
e:\cse 687 - object oriented design\projects\project 3 - message passing communication\sockets\server\debug\message.obj
e:\cse 687 - object oriented design\projects\project 3 - message passing communication\sockets\server\debug\cpp11-blockingqueue.obj
e:\cse 687 - object oriented design\projects\project 3 - message passing communication\sockets\server\debug\qserver.obj
e:\cse 687 - object oriented design\projects\project 3 - message passing communication\sockets\server\debug\receiver.obj
e:\cse 687 - object oriented design\projects\project 3 - message passing communication\sockets\server\debug\sender.obj
e:\cse 687 - object oriented design\projects\project 3 - message passing communication\sockets\server\debug\sockets.obj
e:\cse 687 - object oriented design\projects\project 3 - message passing communication\sockets\server\debug\server.obj
e:\cse 687 - object oriented design\projects\project 3 - message passing communication\sockets\debug\server.ilk
e:\cse 687 - object oriented design\projects\project 3 - message passing communication\sockets\debug\server.exe
e:\cse 687 - object oriented design\projects\project 3 - message passing communication\sockets\debug\server.pdb
e:\cse 687 - object oriented design\projects\project 3 - message passing communication\sockets\server\debug\server.tlog\cl.command.1.tlog
e:\cse 687 - object oriented design\projects\project 3 - message passing communication\sockets\server\debug\server.tlog\cl.read.1.tlog
e:\cse 687 - object oriented design\projects\project 3 - message passing communication\sockets\server\debug\server.tlog\cl.write.1.tlog
e:\cse 687 - object oriented design\projects\project 3 - message passing communication\sockets\server\debug\server.tlog\link.command.1.tlog
e:\cse 687 - object oriented design\projects\project 3 - message passing communication\sockets\server\debug\server.tlog\link.read.1.tlog
e:\cse 687 - object oriented design\projects\project 3 - message passing communication\sockets\server\debug\server.tlog\link.write.1.tlog
